2020-11-12 00:13:47,173 [      0]   INFO -        #com.intellij.idea.Main - ------------------------------------------------------ IDE STARTED ------------------------------------------------------ 
2020-11-12 00:13:47,464 [    291]   INFO -        #com.intellij.idea.Main - IDE: IntelliJ IDEA (build #IC-202.6948.69, 25 Aug 2020 09:22) 
2020-11-12 00:13:47,497 [    324]   INFO -        #com.intellij.idea.Main - OS: Windows 10 (10.0, amd64) 
2020-11-12 00:13:47,498 [    325]   INFO -        #com.intellij.idea.Main - JRE: 11.0.8+10-b944.31 (JetBrains s.r.o.) 
2020-11-12 00:13:47,498 [    325]   INFO -        #com.intellij.idea.Main - JVM: 11.0.8+10-b944.31 (OpenJDK 64-Bit Server VM) 
2020-11-12 00:13:47,502 [    329]   INFO -        #com.intellij.idea.Main - JVM Args: -Didea.auto.reload.plugins=true -Didea.classpath.index.enabled=false -Didea.config.path=C:\Personal\Solnet\Automation\TaskManager\build\idea-sandbox\config -Didea.is.internal=true -Didea.platform.prefix=Idea -Didea.plugins.path=C:\Personal\Solnet\Automation\TaskManager\build\idea-sandbox\plugins -Didea.required.plugins.id=org.example.TaskManager -Didea.system.path=C:\Personal\Solnet\Automation\TaskManager\build\idea-sandbox\system -Xms256m -Xmx512m -Dfile.encoding=windows-1252 -Duser.country=NZ -Duser.language=en -Duser.variant -ea 
2020-11-12 00:13:47,510 [    337]   INFO -        #com.intellij.idea.Main - library path: C:\gradle-5.6.4\caches\modules-2\files-2.1\com.jetbrains\jbre\jbr-11_0_8-windows-x64-b944.31\jbr\bin;C:\WINDOWS\Sun\Java\bin;C:\WINDOWS\system32;C:\WINDOWS;C:\Program Files (x86)\Common Files\Oracle\Java\javapath;C:\ProgramData\Oracle\Java\javapath;C:\WINDOWS\system32;C:\WINDOWS;C:\WINDOWS\System32\Wbem;C:\WINDOWS\System32\WindowsPowerShell\v1.0\;C:\WINDOWS\System32\OpenSSH\;C:\Program Files\PuTTY\;C:\Users\amahajan\AppData\Local\Programs\Python\Python38-32\;C:\Program Files\Git\cmd;C:\Program Files\nodejs\;c:\Program Files (x86)\Intel\Intel(R) Management Engine Components\DAL;c:\Program Files\Intel\Intel(R) Management Engine Components\DAL;C:\Users\amahajan\AppData\Local\Microsoft\WindowsApps;;C:\Users\amahajan\AppData\Local\Programs\Microsoft VS Code\bin;C:\intellij\IntelliJ IDEA Community Edition 2020.2.1\bin;;C:\Users\amahajan\AppData\Roaming\npm;. 
2020-11-12 00:13:47,510 [    337]   INFO -        #com.intellij.idea.Main - boot library path: C:\gradle-5.6.4\caches\modules-2\files-2.1\com.jetbrains\jbre\jbr-11_0_8-windows-x64-b944.31\jbr\bin 
2020-11-12 00:13:47,520 [    347]   INFO -        #com.intellij.idea.Main - locale=en_NZ JNU=Cp1252 file.encoding=windows-1252
  idea.config.path=C:\Personal\Solnet\Automation\TaskManager\build\idea-sandbox\config
  idea.system.path=C:\Personal\Solnet\Automation\TaskManager\build\idea-sandbox\system
  idea.plugins.path=C:\Personal\Solnet\Automation\TaskManager\build\idea-sandbox\plugins
  idea.log.path=C:\Personal\Solnet\Automation\TaskManager\build\idea-sandbox\system/log 
2020-11-12 00:13:47,737 [    564]   INFO - ntellij.idea.ApplicationLoader - CPU cores: 4; ForkJoinPool.commonPool: java.util.concurrent.ForkJoinPool@369b7a6f[Running, parallelism = 4, size = 0, active = 0, running = 0, steals = 0, tasks = 0, submissions = 0]; factory: com.intellij.concurrency.IdeaForkJoinWorkerThreadFactory@492dd65b 
2020-11-12 00:13:48,592 [   1419]   INFO -        #com.intellij.idea.Main - JNA library (64-bit) loaded in 1072 ms 
2020-11-12 00:13:49,368 [   2195]   INFO - penapi.util.io.win32.IdeaWin32 - Native filesystem for Windows is operational 
2020-11-12 00:13:50,930 [   3757]   INFO - llij.ide.plugins.PluginManager - Plugin PluginDescriptor(name=Groovy, id=org.intellij.groovy, path=C:\gradle-5.6.4\caches\modules-2\files-2.1\com.jetbrains.intellij.idea\ideaIC\2020.2.1\a3f8c1e5b23dacbb6515571c2d97b455643d766d\ideaIC-2020.2.1\plugins\Groovy, version=202.6948.69) misses optional descriptor duplicates-groovy.xml 
java.nio.file.NoSuchFileException: /META-INF/duplicates-groovy.xml
	at jdk.zipfs/jdk.nio.zipfs.ZipFileSystem.newInputStream(ZipFileSystem.java:591)
	at jdk.zipfs/jdk.nio.zipfs.ZipPath.newInputStream(ZipPath.java:721)
	at jdk.zipfs/jdk.nio.zipfs.ZipFileSystemProvider.newInputStream(ZipFileSystemProvider.java:275)
	at java.base/java.nio.file.Files.newInputStream(Files.java:155)
	at com.intellij.openapi.util.JDOMUtil.load(JDOMUtil.java:351)
	at com.intellij.ide.plugins.BasePathResolver.resolvePath(BasePathResolver.java:54)
	at com.intellij.ide.plugins.PluginXmlPathResolver.resolvePath(PluginXmlPathResolver.java:58)
	at com.intellij.ide.plugins.XmlReader.readDependencies(XmlReader.java:215)
	at com.intellij.ide.plugins.IdeaPluginDescriptorImpl.readExternal(IdeaPluginDescriptorImpl.java:190)
	at com.intellij.ide.plugins.PluginDescriptorLoader.loadDescriptorFromJar(PluginDescriptorLoader.java:94)
	at com.intellij.ide.plugins.PluginDescriptorLoader.loadDescriptorFromDirAndNormalize(PluginDescriptorLoader.java:145)
	at com.intellij.ide.plugins.PluginDescriptorLoader.loadDescriptorFromFileOrDir(PluginDescriptorLoader.java:120)
	at com.intellij.ide.plugins.PluginDescriptorLoader.loadDescriptor(PluginDescriptorLoader.java:44)
	at com.intellij.ide.plugins.PluginDescriptorLoader.lambda$loadDescriptorsFromDir$1(PluginDescriptorLoader.java:246)
	at java.base/java.util.concurrent.FutureTask.run(FutureTask.java:264)
	at com.intellij.util.concurrency.BoundedTaskExecutor.doRun(BoundedTaskExecutor.java:215)
	at com.intellij.util.concurrency.BoundedTaskExecutor.access$200(BoundedTaskExecutor.java:26)
	at com.intellij.util.concurrency.BoundedTaskExecutor$1.execute(BoundedTaskExecutor.java:194)
	at com.intellij.util.concurrency.BoundedTaskExecutor$1.run(BoundedTaskExecutor.java:186)
	at java.base/java.util.concurrent.ThreadPoolExecutor.runWorker(ThreadPoolExecutor.java:1128)
	at java.base/java.util.concurrent.ThreadPoolExecutor$Worker.run(ThreadPoolExecutor.java:628)
	at java.base/java.util.concurrent.Executors$PrivilegedThreadFactory$1$1.run(Executors.java:668)
	at java.base/java.util.concurrent.Executors$PrivilegedThreadFactory$1$1.run(Executors.java:665)
	at java.base/java.security.AccessController.doPrivileged(Native Method)
	at java.base/java.util.concurrent.Executors$PrivilegedThreadFactory$1.run(Executors.java:665)
	at java.base/java.lang.Thread.run(Thread.java:834)
2020-11-12 00:13:50,935 [   3762]   INFO - llij.ide.plugins.PluginManager - Plugin PluginDescriptor(name=Groovy, id=org.intellij.groovy, path=C:\gradle-5.6.4\caches\modules-2\files-2.1\com.jetbrains.intellij.idea\ideaIC\2020.2.1\a3f8c1e5b23dacbb6515571c2d97b455643d766d\ideaIC-2020.2.1\plugins\Groovy, version=202.6948.69) misses optional descriptor duplicates-detection-groovy.xml 
java.nio.file.NoSuchFileException: /META-INF/duplicates-detection-groovy.xml
	at jdk.zipfs/jdk.nio.zipfs.ZipFileSystem.newInputStream(ZipFileSystem.java:591)
	at jdk.zipfs/jdk.nio.zipfs.ZipPath.newInputStream(ZipPath.java:721)
	at jdk.zipfs/jdk.nio.zipfs.ZipFileSystemProvider.newInputStream(ZipFileSystemProvider.java:275)
	at java.base/java.nio.file.Files.newInputStream(Files.java:155)
	at com.intellij.openapi.util.JDOMUtil.load(JDOMUtil.java:351)
	at com.intellij.ide.plugins.BasePathResolver.resolvePath(BasePathResolver.java:54)
	at com.intellij.ide.plugins.PluginXmlPathResolver.resolvePath(PluginXmlPathResolver.java:58)
	at com.intellij.ide.plugins.XmlReader.readDependencies(XmlReader.java:215)
	at com.intellij.ide.plugins.IdeaPluginDescriptorImpl.readExternal(IdeaPluginDescriptorImpl.java:190)
	at com.intellij.ide.plugins.PluginDescriptorLoader.loadDescriptorFromJar(PluginDescriptorLoader.java:94)
	at com.intellij.ide.plugins.PluginDescriptorLoader.loadDescriptorFromDirAndNormalize(PluginDescriptorLoader.java:145)
	at com.intellij.ide.plugins.PluginDescriptorLoader.loadDescriptorFromFileOrDir(PluginDescriptorLoader.java:120)
	at com.intellij.ide.plugins.PluginDescriptorLoader.loadDescriptor(PluginDescriptorLoader.java:44)
	at com.intellij.ide.plugins.PluginDescriptorLoader.lambda$loadDescriptorsFromDir$1(PluginDescriptorLoader.java:246)
	at java.base/java.util.concurrent.FutureTask.run(FutureTask.java:264)
	at com.intellij.util.concurrency.BoundedTaskExecutor.doRun(BoundedTaskExecutor.java:215)
	at com.intellij.util.concurrency.BoundedTaskExecutor.access$200(BoundedTaskExecutor.java:26)
	at com.intellij.util.concurrency.BoundedTaskExecutor$1.execute(BoundedTaskExecutor.java:194)
	at com.intellij.util.concurrency.BoundedTaskExecutor$1.run(BoundedTaskExecutor.java:186)
	at java.base/java.util.concurrent.ThreadPoolExecutor.runWorker(ThreadPoolExecutor.java:1128)
	at java.base/java.util.concurrent.ThreadPoolExecutor$Worker.run(ThreadPoolExecutor.java:628)
	at java.base/java.util.concurrent.Executors$PrivilegedThreadFactory$1$1.run(Executors.java:668)
	at java.base/java.util.concurrent.Executors$PrivilegedThreadFactory$1$1.run(Executors.java:665)
	at java.base/java.security.AccessController.doPrivileged(Native Method)
	at java.base/java.util.concurrent.Executors$PrivilegedThreadFactory$1.run(Executors.java:665)
	at java.base/java.lang.Thread.run(Thread.java:834)
2020-11-12 00:13:51,781 [   4608]   INFO - llij.ide.plugins.PluginManager - Plugin PluginDescriptor(name=Java, id=com.intellij.java, path=C:\gradle-5.6.4\caches\modules-2\files-2.1\com.jetbrains.intellij.idea\ideaIC\2020.2.1\a3f8c1e5b23dacbb6515571c2d97b455643d766d\ideaIC-2020.2.1\plugins\java, version=202.6948.69) misses optional descriptor profiler-java.xml 
java.nio.file.NoSuchFileException: /META-INF/profiler-java.xml
	at jdk.zipfs/jdk.nio.zipfs.ZipFileSystem.newInputStream(ZipFileSystem.java:591)
	at jdk.zipfs/jdk.nio.zipfs.ZipPath.newInputStream(ZipPath.java:721)
	at jdk.zipfs/jdk.nio.zipfs.ZipFileSystemProvider.newInputStream(ZipFileSystemProvider.java:275)
	at java.base/java.nio.file.Files.newInputStream(Files.java:155)
	at com.intellij.openapi.util.JDOMUtil.load(JDOMUtil.java:351)
	at com.intellij.ide.plugins.BasePathResolver.resolvePath(BasePathResolver.java:54)
	at com.intellij.ide.plugins.PluginXmlPathResolver.resolvePath(PluginXmlPathResolver.java:58)
	at com.intellij.ide.plugins.XmlReader.readDependencies(XmlReader.java:215)
	at com.intellij.ide.plugins.IdeaPluginDescriptorImpl.readExternal(IdeaPluginDescriptorImpl.java:190)
	at com.intellij.ide.plugins.PluginDescriptorLoader.loadDescriptorFromJar(PluginDescriptorLoader.java:94)
	at com.intellij.ide.plugins.PluginDescriptorLoader.loadDescriptorFromDirAndNormalize(PluginDescriptorLoader.java:145)
	at com.intellij.ide.plugins.PluginDescriptorLoader.loadDescriptorFromFileOrDir(PluginDescriptorLoader.java:120)
	at com.intellij.ide.plugins.PluginDescriptorLoader.loadDescriptor(PluginDescriptorLoader.java:44)
	at com.intellij.ide.plugins.PluginDescriptorLoader.lambda$loadDescriptorsFromDir$1(PluginDescriptorLoader.java:246)
	at java.base/java.util.concurrent.FutureTask.run(FutureTask.java:264)
	at com.intellij.util.concurrency.BoundedTaskExecutor.doRun(BoundedTaskExecutor.java:215)
	at com.intellij.util.concurrency.BoundedTaskExecutor.access$200(BoundedTaskExecutor.java:26)
	at com.intellij.util.concurrency.BoundedTaskExecutor$1.execute(BoundedTaskExecutor.java:194)
	at com.intellij.util.concurrency.BoundedTaskExecutor$1.run(BoundedTaskExecutor.java:186)
	at java.base/java.util.concurrent.ThreadPoolExecutor.runWorker(ThreadPoolExecutor.java:1128)
	at java.base/java.util.concurrent.ThreadPoolExecutor$Worker.run(ThreadPoolExecutor.java:628)
	at java.base/java.util.concurrent.Executors$PrivilegedThreadFactory$1$1.run(Executors.java:668)
	at java.base/java.util.concurrent.Executors$PrivilegedThreadFactory$1$1.run(Executors.java:665)
	at java.base/java.security.AccessController.doPrivileged(Native Method)
	at java.base/java.util.concurrent.Executors$PrivilegedThreadFactory$1.run(Executors.java:665)
	at java.base/java.lang.Thread.run(Thread.java:834)
2020-11-12 00:13:51,984 [   4811]   INFO - llij.ide.plugins.PluginManager - Loaded bundled plugins: IDEA CORE (202.6948.69), com.intellij.platform.images (202.6948.69), JetBrains maven model api classes (202.6948.69), JetBrains Repository Search (202.6948.69), Subversion (202.6948.69), XPathView + XSLT (202.6948.69), XSLT Debugger (202.6948.69), Smali Support (202.6948.69), Configuration Script (202.6948.69), Copyright (202.6948.69), Gradle (202.6948.69), Java (202.6948.69), Bytecode Viewer (202.6948.69), JUnit (202.6948.69), Java IDE Customization (202.6948.69), Java Stream Debugger (202.6948.69), Eclipse Interoperability (202.6948.69), Java Bytecode Decompiler (202.6948.69), macOS Light Theme (202.6948.69), Windows 10 Light Theme (202.6948.69), Properties (202.6948.69), Ant (202.6948.69), Java Internationalization (202.6948.69), UI Designer (202.6948.69), JavaFX (202.6948.69), Resource Bundle Editor (202.6948.69), Machine Learning Code Completion (202.6948.69), Task Management (202.6948.69), Mercurial (202.6948.69), Webp Support (202.6948.69), EditorConfig (202.6948.69), Terminal (202.6948.69), Git (202.6948.69), ChangeReminder (202.6948.69), Next File Prediction (202.6948.69), GitHub (202.6948.69), Shell Script (202.6948.69), TextMate Bundles (202.6948.69), YAML (202.6948.69), Settings Repository (202.6948.69), IntelliLang (202.6948.69), TestNG (202.6948.69), Code Coverage for Java (202.6948.69), Groovy (202.6948.69), Maven (202.6948.69), Gradle-Java (202.6948.69), Plugin DevKit (202.6948.69), Gradle-Maven (202.6948.69), Kotlin (1.3.72-release-IJ2020.1-6), Android (10.4.0.202.6948.69), Markdown (202.6948.69), Grazie (202.6948.69) 
2020-11-12 00:13:51,984 [   4811]   INFO - llij.ide.plugins.PluginManager - Loaded custom plugins: Plugin display name here (1.0-SNAPSHOT) 
2020-11-12 00:13:53,838 [   6665]   INFO - m.intellij.util.io.StorageLock - lower=100; upper=492; buffer=10; max=492 
2020-11-12 00:13:53,958 [   6785]   INFO - tellij.util.io.FileChannelUtil - un-interruptible FileChannel-s will be used for indexes 
2020-11-12 00:13:54,048 [   6875]   INFO - fs.newvfs.persistent.FSRecords - Marking VFS as corrupted: 'C:\Personal\Solnet\Automation\TaskManager\build\idea-sandbox\system\caches\names.dat' does not exist 
2020-11-12 00:13:54,077 [   6904]   INFO - om.intellij.ui.scale.JBUIScale - System scale factor: 1.0 (IDE-managed HiDPI) 
2020-11-12 00:13:54,193 [   7020]   WARN - j.internal.DebugAttachDetector - Unable to start DebugAttachDetector, please add `--add-exports java.base/jdk.internal.vm=ALL-UNNAMED` to VM options 
2020-11-12 00:13:54,357 [   7184]   INFO - til.net.ssl.CertificateManager - Default SSL context initialized 
2020-11-12 00:13:54,402 [   7229]   INFO - rains.ide.BuiltInServerManager - built-in server started, port 63343 
2020-11-12 00:13:54,530 [   7357]   INFO - pl.local.NativeFileWatcherImpl - Native file watcher is disabled 
2020-11-12 00:13:54,978 [   7805]   INFO - stubs.SerializationManagerImpl - Name storage is repaired 
2020-11-12 00:13:58,582 [  11409]   INFO -                         STDOUT - Starting searchable options index builder 
2020-11-12 00:13:59,208 [  12035]   INFO - penapi.application.Experiments - Experimental features enabled for user: wsl.p9.support, wsl.p9.show.roots.in.file.chooser, inline.browse.button, linux.native.menu, recent.and.edited.files.together, show.create.new.element.in.popup, copy.reference.popup, new.large.text.file.viewer, property.value.inplace.editing, terminal.shell.command.handling 
2020-11-12 00:13:59,294 [  12121]   WARN - ConfigurableExtensionPointUtil - ignore deprecated groupId: language for id: preferences.language.Kotlin.scripting 
2020-11-12 00:14:02,105 [  14932]   INFO - CompilerWorkspaceConfiguration - Available processors: 4 
2020-11-12 00:14:04,477 [  17304]   INFO - il.indexing.FileBasedIndexImpl - Indexes to be rebuilt after corruption:FilenameIndex(v = 3),FrameworkDetectionIndex(v = 0),TodoIndex(v = 4107),IdIndex(v = 4113),filetypes(v = 3),Stubs(v = 46),Trigram.Index(v = 4099),fileIncludes(v = 6),DomFileIndex(v = -1189920956),RelaxSymbolIndex(v = 0),XmlTagNames(v = 1),XmlNamespaces(v = 8),html5.custom.attributes.index(v = 1),SchemaTypeInheritance(v = 2),json.file.root.values(v = 5),XsltSymbolIndex(v = 0),bytecodeAnalysis(v = 4107),java.auto.module.name(v = 5),java.source.module.name(v = 2),java.null.method.argument(v = 4097),java.fun.expression(v = 4102),java.binary.plus.expression(v = 4100),xmlProperties(v = 2),ant-imports(v = 5),com.intellij.uiDesigner.FormClassIndex(v = 0),JavaFxControllerClassIndex(v = 1),javafx.id.name(v = 3),javafx.custom.component(v = 2),editorconfig.index.name(v = 5),yaml.keys.name(v = 1),groovy.trait.fields(v = 5),groovy.trait.methods(v = 25),IdeaPluginRegistrationIndex(v = 3),PluginIdModuleIndex(v = 1),PluginIdDependenciesIndex(v = 1),devkit.ExtensionPointIndex(v = 0),org.jetbrains.kotlin.idea.versions.KotlinJvmMetadataVersionIndex(v = 5),org.jetbrains.kotlin.idea.versions.KotlinJsMetadataVersionIndex(v = 3),org.jetbrains.kotlin.idea.vfilefinder.KotlinClassFileIndex(v = 3),org.jetbrains.kotlin.idea.vfilefinder.KotlinJavaScriptMetaFileIndex(v = 4),org.jetbrains.kotlin.idea.vfilefinder.KotlinMetadataFileIndex(v = 1),org.jetbrains.kotlin.idea.vfilefinder.KotlinMetadataFilePackageIndex(v = 1),org.jetbrains.kotlin.idea.vfilefinder.KotlinModuleMappingIndex(v = 5),org.jetbrains.kotlin.idea.vfilefinder.KotlinPackageSourcesMemberNamesIndex(v = 2),org.jetbrains.kotlin.idea.vfilefinder.KotlinJvmModuleAnnotationsIndex(v = 1),org.jetbrains.kotlin.ide.konan.index.KotlinNativeMetaFileIndex(v = 4),com.android.tools.idea.model.AndroidManifestIndex$Companion$NAME$1.NAME(v = 4),BindingXmlIndex(v = 7),MlModelFileIndex(v = 1) 
2020-11-12 00:14:04,498 [  17325]   INFO - leBasedIndexDataInitialization - Initialization done: 10187 
2020-11-12 00:14:05,868 [  18695]   INFO - tellij.psi.stubs.StubIndexImpl - Following stub indices will be built:dom.namespaceKey(v = 1),dom.elementClass(v = 0),properties.index(v = 2),gr.class.fqn(v = 1),gr.script.fqn(v = 2),gr.field.name(v = 2),gr.method.name(v = 2),gr.annot.method.name(v = 2),gr.annot.members(v = 2),gr.script.class(v = 2),gr.class.super(v = 2),gr.anonymous.class(v = 3),org.jetbrains.kotlin.idea.stubindex.KotlinExactPackagesIndex(v = 2),org.jetbrains.kotlin.idea.stubindex.KotlinTopLevelClassByPackageIndex(v = 2),org.jetbrains.kotlin.idea.stubindex.KotlinTopLevelFunctionByPackageIndex(v = 2),org.jetbrains.kotlin.idea.stubindex.KotlinTopLevelPropertyByPackageIndex(v = 2),org.jetbrains.kotlin.idea.stubindex.KotlinTopLevelTypeAliasByPackageIndex(v = 2),org.jetbrains.kotlin.idea.stubindex.KotlinClassShortNameIndex(v = 2),org.jetbrains.kotlin.idea.stubindex.KotlinFullClassNameIndex(v = 2),org.jetbrains.kotlin.idea.stubindex.KotlinPropertyShortNameIndex(v = 2),org.jetbrains.kotlin.idea.stubindex.KotlinFunctionShortNameIndex(v = 2),org.jetbrains.kotlin.idea.stubindex.KotlinTypeAliasShortNameIndex(v = 2),org.jetbrains.kotlin.idea.stubindex.KotlinSuperClassIndex(v = 2),org.jetbrains.kotlin.idea.stubindex.KotlinTopLevelFunctionFqnNameIndex(v = 2),org.jetbrains.kotlin.idea.stubindex.KotlinTopLevelPropertyFqnNameIndex(v = 2),org.jetbrains.kotlin.idea.stubindex.KotlinTopLevelTypeAliasFqNameIndex(v = 2),org.jetbrains.kotlin.idea.stubindex.KotlinTopLevelExtensionsByReceiverTypeIndex(v = 2),org.jetbrains.kotlin.idea.stubindex.KotlinAnnotationsIndex(v = 3),org.jetbrains.kotlin.idea.stubindex.KotlinProbablyNothingFunctionShortNameIndex(v = 2),org.jetbrains.kotlin.idea.stubindex.KotlinProbablyNothingPropertyShortNameIndex(v = 2),org.jetbrains.kotlin.idea.stubindex.KotlinProbablyContractedFunctionShortNameIndex(v = 2),org.jetbrains.kotlin.idea.stubindex.KotlinFileFacadeFqNameIndex(v = 2),org.jetbrains.kotlin.idea.stubindex.KotlinFilePartClassIndex(v = 2),org.jetbrains.kotlin.idea.stubindex.KotlinFileFacadeClassByPackageIndex(v = 2),org.jetbrains.kotlin.idea.stubindex.KotlinFileFacadeShortNameIndex(v = 2),org.jetbrains.kotlin.idea.stubindex.KotlinMultifileClassPartIndex(v = 2),org.jetbrains.kotlin.idea.stubindex.KotlinScriptFqnIndex(v = 2),org.jetbrains.kotlin.idea.stubindex.KotlinTypeAliasByExpansionShortNameIndex(v = 2),org.jetbrains.kotlin.idea.stubindex.KotlinOverridableInternalMembersShortNameIndex(v = 2),markdown.header(v = 2),java.annotations(v = 2),java.class.extlist(v = 3),java.field.name(v = 2),java.method.name(v = 2),jvm.static.member.name(v = 2),jvm.static.member.type(v = 2),java.anonymous.baseref(v = 2),java.method.parameter.types(v = 3),java.class.shortname(v = 4),java.class.fqn(v = 1),java.module.name(v = 4) 
2020-11-12 00:14:05,868 [  18695]   INFO - exImpl$StubIndexInitialization - Initialization done: 1369 
2020-11-12 00:14:06,901 [  19728]   INFO - com.intellij.ide.ui.UISettings - Loaded: fontSize=13, fontScale=1.0; restored: fontSize=13, fontScale=1.0 
2020-11-12 00:14:23,662 [  36489]   INFO - leScriptDefinitionsContributor - [kts] error loading gradle script templates: Project 'Default (Template) Project' isn't linked with Gradle 
2020-11-12 00:14:23,680 [  36507]   INFO - leScriptDefinitionsContributor - [kts] error loading gradle script templates: Project 'Default (Template) Project' isn't linked with Gradle 
2020-11-12 00:14:23,680 [  36507]   INFO - leScriptDefinitionsContributor - [kts] error loading gradle script templates: Project 'Default (Template) Project' isn't linked with Gradle 
2020-11-12 00:14:29,754 [  42581]   INFO -                         STDOUT - Searchable options index builder completed 
2020-11-12 00:14:30,015 [  42842]   INFO - .impl.FileTypeDetectionService - 0 auto-detected files. Detection took 0 ms 
2020-11-12 00:14:30,026 [  42853]   INFO - org.jetbrains.io.BuiltInServer - web server stopped 
2020-11-12 00:14:30,047 [  42874]   INFO - il.indexing.FileBasedIndexImpl - START INDEX SHUTDOWN 
2020-11-12 00:14:30,152 [  42979]   INFO - tellij.psi.stubs.StubIndexImpl - StubIndexExtension-s were unloaded 
2020-11-12 00:14:30,170 [  42997]   INFO - il.indexing.FileBasedIndexImpl - END INDEX SHUTDOWN 
2020-11-12 00:14:30,170 [  42997]   INFO - newvfs.persistent.PersistentFS - VFS dispose started 
2020-11-12 00:14:30,175 [  43002]   INFO - newvfs.persistent.PersistentFS - VFS dispose completed 
2020-11-12 00:14:30,176 [  43003]   INFO - stubs.SerializationManagerImpl - Start shutting down C:\Personal\Solnet\Automation\TaskManager\build\idea-sandbox\system\index\rep.names 
2020-11-12 00:14:30,176 [  43003]   INFO - stubs.SerializationManagerImpl - Finished shutting down C:\Personal\Solnet\Automation\TaskManager\build\idea-sandbox\system\index\rep.names 
2020-11-12 00:14:30,222 [  43049]   INFO - plication.impl.ApplicationImpl - Write action Statistics:
Event number:     0
Total time spent: 0ms
Average duration: 0ms
Median  duration: 0ms
Max     duration: 0ms (it was 'null') 
2020-11-12 00:14:30,225 [  43052]   INFO - plication.impl.ApplicationImpl - AnAction.update() Statistics:
Event number:     0
Total time spent: 0ms
Average duration: 0ms
Median  duration: 0ms
Max     duration: 0ms (it was 'null') 
2020-11-12 00:14:30,225 [  43052]   INFO - plication.impl.ApplicationImpl - Global instance threads created counter = 8; ProcessIOExecutorService threads: 0 
2020-11-12 00:14:30,243 [  43070]   INFO -        #com.intellij.idea.Main - ------------------------------------------------------ IDE SHUTDOWN ------------------------------------------------------ 
2020-11-12 00:14:30,252 [  43079]   INFO - org.jetbrains.io.BuiltInServer - web server stopped 
2020-11-12 00:15:07,535 [      0]   INFO -        #com.intellij.idea.Main - ------------------------------------------------------ IDE STARTED ------------------------------------------------------ 
2020-11-12 00:15:07,953 [    418]   INFO -        #com.intellij.idea.Main - IDE: IntelliJ IDEA (build #IC-202.6948.69, 25 Aug 2020 09:22) 
2020-11-12 00:15:07,954 [    419]   INFO -        #com.intellij.idea.Main - OS: Windows 10 (10.0, amd64) 
2020-11-12 00:15:07,955 [    420]   INFO -        #com.intellij.idea.Main - JRE: 11.0.8+10-b944.31 (JetBrains s.r.o.) 
2020-11-12 00:15:07,955 [    420]   INFO -        #com.intellij.idea.Main - JVM: 11.0.8+10-b944.31 (OpenJDK 64-Bit Server VM) 
2020-11-12 00:15:07,955 [    420]   INFO -        #com.intellij.idea.Main - JVM Args: -Didea.auto.reload.plugins=true -Didea.classpath.index.enabled=false -Didea.config.path=C:\Personal\Solnet\Automation\TaskManager\build\idea-sandbox\config -Didea.is.internal=true -Didea.platform.prefix=Idea -Didea.plugins.path=C:\Personal\Solnet\Automation\TaskManager\build\idea-sandbox\plugins -Didea.required.plugins.id=org.example.TaskManager -Didea.system.path=C:\Personal\Solnet\Automation\TaskManager\build\idea-sandbox\system -Xms256m -Xmx512m -Dfile.encoding=windows-1252 -Duser.country=NZ -Duser.language=en -Duser.variant -ea 
2020-11-12 00:15:07,955 [    420]   INFO -        #com.intellij.idea.Main - library path: C:\gradle-5.6.4\caches\modules-2\files-2.1\com.jetbrains\jbre\jbr-11_0_8-windows-x64-b944.31\jbr\bin;C:\WINDOWS\Sun\Java\bin;C:\WINDOWS\system32;C:\WINDOWS;C:\Program Files (x86)\Common Files\Oracle\Java\javapath;C:\ProgramData\Oracle\Java\javapath;C:\WINDOWS\system32;C:\WINDOWS;C:\WINDOWS\System32\Wbem;C:\WINDOWS\System32\WindowsPowerShell\v1.0\;C:\WINDOWS\System32\OpenSSH\;C:\Program Files\PuTTY\;C:\Users\amahajan\AppData\Local\Programs\Python\Python38-32\;C:\Program Files\Git\cmd;C:\Program Files\nodejs\;c:\Program Files (x86)\Intel\Intel(R) Management Engine Components\DAL;c:\Program Files\Intel\Intel(R) Management Engine Components\DAL;C:\Users\amahajan\AppData\Local\Microsoft\WindowsApps;;C:\Users\amahajan\AppData\Local\Programs\Microsoft VS Code\bin;C:\intellij\IntelliJ IDEA Community Edition 2020.2.1\bin;;C:\Users\amahajan\AppData\Roaming\npm;. 
2020-11-12 00:15:07,955 [    420]   INFO -        #com.intellij.idea.Main - boot library path: C:\gradle-5.6.4\caches\modules-2\files-2.1\com.jetbrains\jbre\jbr-11_0_8-windows-x64-b944.31\jbr\bin 
2020-11-12 00:15:07,962 [    427]   INFO -        #com.intellij.idea.Main - locale=en_NZ JNU=Cp1252 file.encoding=windows-1252
  idea.config.path=C:\Personal\Solnet\Automation\TaskManager\build\idea-sandbox\config
  idea.system.path=C:\Personal\Solnet\Automation\TaskManager\build\idea-sandbox\system
  idea.plugins.path=C:\Personal\Solnet\Automation\TaskManager\build\idea-sandbox\plugins
  idea.log.path=C:\Personal\Solnet\Automation\TaskManager\build\idea-sandbox\system/log 
2020-11-12 00:15:08,149 [    614]   INFO - ntellij.idea.ApplicationLoader - CPU cores: 4; ForkJoinPool.commonPool: java.util.concurrent.ForkJoinPool@6ffbbe5b[Running, parallelism = 4, size = 0, active = 0, running = 0, steals = 0, tasks = 0, submissions = 0]; factory: com.intellij.concurrency.IdeaForkJoinWorkerThreadFactory@72c2b26c 
2020-11-12 00:15:08,644 [   1109]   INFO -        #com.intellij.idea.Main - JNA library (64-bit) loaded in 682 ms 
2020-11-12 00:15:08,796 [   1261]   INFO - penapi.util.io.win32.IdeaWin32 - Native filesystem for Windows is operational 
2020-11-12 00:15:09,693 [   2158]   INFO - llij.ide.plugins.PluginManager - Plugin PluginDescriptor(name=Groovy, id=org.intellij.groovy, path=C:\gradle-5.6.4\caches\modules-2\files-2.1\com.jetbrains.intellij.idea\ideaIC\2020.2.1\a3f8c1e5b23dacbb6515571c2d97b455643d766d\ideaIC-2020.2.1\plugins\Groovy, version=202.6948.69) misses optional descriptor duplicates-groovy.xml 
java.nio.file.NoSuchFileException: /META-INF/duplicates-groovy.xml
	at jdk.zipfs/jdk.nio.zipfs.ZipFileSystem.newInputStream(ZipFileSystem.java:591)
	at jdk.zipfs/jdk.nio.zipfs.ZipPath.newInputStream(ZipPath.java:721)
	at jdk.zipfs/jdk.nio.zipfs.ZipFileSystemProvider.newInputStream(ZipFileSystemProvider.java:275)
	at java.base/java.nio.file.Files.newInputStream(Files.java:155)
	at com.intellij.openapi.util.JDOMUtil.load(JDOMUtil.java:351)
	at com.intellij.ide.plugins.BasePathResolver.resolvePath(BasePathResolver.java:54)
	at com.intellij.ide.plugins.PluginXmlPathResolver.resolvePath(PluginXmlPathResolver.java:58)
	at com.intellij.ide.plugins.XmlReader.readDependencies(XmlReader.java:215)
	at com.intellij.ide.plugins.IdeaPluginDescriptorImpl.readExternal(IdeaPluginDescriptorImpl.java:190)
	at com.intellij.ide.plugins.PluginDescriptorLoader.loadDescriptorFromJar(PluginDescriptorLoader.java:94)
	at com.intellij.ide.plugins.PluginDescriptorLoader.loadDescriptorFromDirAndNormalize(PluginDescriptorLoader.java:145)
	at com.intellij.ide.plugins.PluginDescriptorLoader.loadDescriptorFromFileOrDir(PluginDescriptorLoader.java:120)
	at com.intellij.ide.plugins.PluginDescriptorLoader.loadDescriptor(PluginDescriptorLoader.java:44)
	at com.intellij.ide.plugins.PluginDescriptorLoader.lambda$loadDescriptorsFromDir$1(PluginDescriptorLoader.java:246)
	at java.base/java.util.concurrent.FutureTask.run(FutureTask.java:264)
	at com.intellij.util.concurrency.BoundedTaskExecutor.doRun(BoundedTaskExecutor.java:215)
	at com.intellij.util.concurrency.BoundedTaskExecutor.access$200(BoundedTaskExecutor.java:26)
	at com.intellij.util.concurrency.BoundedTaskExecutor$1.execute(BoundedTaskExecutor.java:194)
	at com.intellij.util.concurrency.BoundedTaskExecutor$1.run(BoundedTaskExecutor.java:186)
	at java.base/java.util.concurrent.ThreadPoolExecutor.runWorker(ThreadPoolExecutor.java:1128)
	at java.base/java.util.concurrent.ThreadPoolExecutor$Worker.run(ThreadPoolExecutor.java:628)
	at java.base/java.util.concurrent.Executors$PrivilegedThreadFactory$1$1.run(Executors.java:668)
	at java.base/java.util.concurrent.Executors$PrivilegedThreadFactory$1$1.run(Executors.java:665)
	at java.base/java.security.AccessController.doPrivileged(Native Method)
	at java.base/java.util.concurrent.Executors$PrivilegedThreadFactory$1.run(Executors.java:665)
	at java.base/java.lang.Thread.run(Thread.java:834)
2020-11-12 00:15:09,703 [   2168]   INFO - llij.ide.plugins.PluginManager - Plugin PluginDescriptor(name=Groovy, id=org.intellij.groovy, path=C:\gradle-5.6.4\caches\modules-2\files-2.1\com.jetbrains.intellij.idea\ideaIC\2020.2.1\a3f8c1e5b23dacbb6515571c2d97b455643d766d\ideaIC-2020.2.1\plugins\Groovy, version=202.6948.69) misses optional descriptor duplicates-detection-groovy.xml 
java.nio.file.NoSuchFileException: /META-INF/duplicates-detection-groovy.xml
	at jdk.zipfs/jdk.nio.zipfs.ZipFileSystem.newInputStream(ZipFileSystem.java:591)
	at jdk.zipfs/jdk.nio.zipfs.ZipPath.newInputStream(ZipPath.java:721)
	at jdk.zipfs/jdk.nio.zipfs.ZipFileSystemProvider.newInputStream(ZipFileSystemProvider.java:275)
	at java.base/java.nio.file.Files.newInputStream(Files.java:155)
	at com.intellij.openapi.util.JDOMUtil.load(JDOMUtil.java:351)
	at com.intellij.ide.plugins.BasePathResolver.resolvePath(BasePathResolver.java:54)
	at com.intellij.ide.plugins.PluginXmlPathResolver.resolvePath(PluginXmlPathResolver.java:58)
	at com.intellij.ide.plugins.XmlReader.readDependencies(XmlReader.java:215)
	at com.intellij.ide.plugins.IdeaPluginDescriptorImpl.readExternal(IdeaPluginDescriptorImpl.java:190)
	at com.intellij.ide.plugins.PluginDescriptorLoader.loadDescriptorFromJar(PluginDescriptorLoader.java:94)
	at com.intellij.ide.plugins.PluginDescriptorLoader.loadDescriptorFromDirAndNormalize(PluginDescriptorLoader.java:145)
	at com.intellij.ide.plugins.PluginDescriptorLoader.loadDescriptorFromFileOrDir(PluginDescriptorLoader.java:120)
	at com.intellij.ide.plugins.PluginDescriptorLoader.loadDescriptor(PluginDescriptorLoader.java:44)
	at com.intellij.ide.plugins.PluginDescriptorLoader.lambda$loadDescriptorsFromDir$1(PluginDescriptorLoader.java:246)
	at java.base/java.util.concurrent.FutureTask.run(FutureTask.java:264)
	at com.intellij.util.concurrency.BoundedTaskExecutor.doRun(BoundedTaskExecutor.java:215)
	at com.intellij.util.concurrency.BoundedTaskExecutor.access$200(BoundedTaskExecutor.java:26)
	at com.intellij.util.concurrency.BoundedTaskExecutor$1.execute(BoundedTaskExecutor.java:194)
	at com.intellij.util.concurrency.BoundedTaskExecutor$1.run(BoundedTaskExecutor.java:186)
	at java.base/java.util.concurrent.ThreadPoolExecutor.runWorker(ThreadPoolExecutor.java:1128)
	at java.base/java.util.concurrent.ThreadPoolExecutor$Worker.run(ThreadPoolExecutor.java:628)
	at java.base/java.util.concurrent.Executors$PrivilegedThreadFactory$1$1.run(Executors.java:668)
	at java.base/java.util.concurrent.Executors$PrivilegedThreadFactory$1$1.run(Executors.java:665)
	at java.base/java.security.AccessController.doPrivileged(Native Method)
	at java.base/java.util.concurrent.Executors$PrivilegedThreadFactory$1.run(Executors.java:665)
	at java.base/java.lang.Thread.run(Thread.java:834)
2020-11-12 00:15:10,162 [   2627]   INFO - llij.ide.plugins.PluginManager - Plugin PluginDescriptor(name=Java, id=com.intellij.java, path=C:\gradle-5.6.4\caches\modules-2\files-2.1\com.jetbrains.intellij.idea\ideaIC\2020.2.1\a3f8c1e5b23dacbb6515571c2d97b455643d766d\ideaIC-2020.2.1\plugins\java, version=202.6948.69) misses optional descriptor profiler-java.xml 
java.nio.file.NoSuchFileException: /META-INF/profiler-java.xml
	at jdk.zipfs/jdk.nio.zipfs.ZipFileSystem.newInputStream(ZipFileSystem.java:591)
	at jdk.zipfs/jdk.nio.zipfs.ZipPath.newInputStream(ZipPath.java:721)
	at jdk.zipfs/jdk.nio.zipfs.ZipFileSystemProvider.newInputStream(ZipFileSystemProvider.java:275)
	at java.base/java.nio.file.Files.newInputStream(Files.java:155)
	at com.intellij.openapi.util.JDOMUtil.load(JDOMUtil.java:351)
	at com.intellij.ide.plugins.BasePathResolver.resolvePath(BasePathResolver.java:54)
	at com.intellij.ide.plugins.PluginXmlPathResolver.resolvePath(PluginXmlPathResolver.java:58)
	at com.intellij.ide.plugins.XmlReader.readDependencies(XmlReader.java:215)
	at com.intellij.ide.plugins.IdeaPluginDescriptorImpl.readExternal(IdeaPluginDescriptorImpl.java:190)
	at com.intellij.ide.plugins.PluginDescriptorLoader.loadDescriptorFromJar(PluginDescriptorLoader.java:94)
	at com.intellij.ide.plugins.PluginDescriptorLoader.loadDescriptorFromDirAndNormalize(PluginDescriptorLoader.java:145)
	at com.intellij.ide.plugins.PluginDescriptorLoader.loadDescriptorFromFileOrDir(PluginDescriptorLoader.java:120)
	at com.intellij.ide.plugins.PluginDescriptorLoader.loadDescriptor(PluginDescriptorLoader.java:44)
	at com.intellij.ide.plugins.PluginDescriptorLoader.lambda$loadDescriptorsFromDir$1(PluginDescriptorLoader.java:246)
	at java.base/java.util.concurrent.FutureTask.run(FutureTask.java:264)
	at com.intellij.util.concurrency.BoundedTaskExecutor.doRun(BoundedTaskExecutor.java:215)
	at com.intellij.util.concurrency.BoundedTaskExecutor.access$200(BoundedTaskExecutor.java:26)
	at com.intellij.util.concurrency.BoundedTaskExecutor$1.execute(BoundedTaskExecutor.java:194)
	at com.intellij.util.concurrency.BoundedTaskExecutor$1.run(BoundedTaskExecutor.java:186)
	at java.base/java.util.concurrent.ThreadPoolExecutor.runWorker(ThreadPoolExecutor.java:1128)
	at java.base/java.util.concurrent.ThreadPoolExecutor$Worker.run(ThreadPoolExecutor.java:628)
	at java.base/java.util.concurrent.Executors$PrivilegedThreadFactory$1$1.run(Executors.java:668)
	at java.base/java.util.concurrent.Executors$PrivilegedThreadFactory$1$1.run(Executors.java:665)
	at java.base/java.security.AccessController.doPrivileged(Native Method)
	at java.base/java.util.concurrent.Executors$PrivilegedThreadFactory$1.run(Executors.java:665)
	at java.base/java.lang.Thread.run(Thread.java:834)
2020-11-12 00:15:10,393 [   2858]   INFO - llij.ide.plugins.PluginManager - Loaded bundled plugins: IDEA CORE (202.6948.69), com.intellij.platform.images (202.6948.69), JetBrains maven model api classes (202.6948.69), JetBrains Repository Search (202.6948.69), Subversion (202.6948.69), XPathView + XSLT (202.6948.69), XSLT Debugger (202.6948.69), Smali Support (202.6948.69), Configuration Script (202.6948.69), Copyright (202.6948.69), Gradle (202.6948.69), Java (202.6948.69), Bytecode Viewer (202.6948.69), JUnit (202.6948.69), Java IDE Customization (202.6948.69), Java Stream Debugger (202.6948.69), Eclipse Interoperability (202.6948.69), Java Bytecode Decompiler (202.6948.69), macOS Light Theme (202.6948.69), Windows 10 Light Theme (202.6948.69), Properties (202.6948.69), Ant (202.6948.69), Java Internationalization (202.6948.69), UI Designer (202.6948.69), JavaFX (202.6948.69), Resource Bundle Editor (202.6948.69), Machine Learning Code Completion (202.6948.69), Task Management (202.6948.69), Mercurial (202.6948.69), Webp Support (202.6948.69), EditorConfig (202.6948.69), Terminal (202.6948.69), Git (202.6948.69), ChangeReminder (202.6948.69), Next File Prediction (202.6948.69), GitHub (202.6948.69), Shell Script (202.6948.69), TextMate Bundles (202.6948.69), YAML (202.6948.69), Settings Repository (202.6948.69), IntelliLang (202.6948.69), TestNG (202.6948.69), Code Coverage for Java (202.6948.69), Groovy (202.6948.69), Maven (202.6948.69), Gradle-Java (202.6948.69), Plugin DevKit (202.6948.69), Gradle-Maven (202.6948.69), Kotlin (1.3.72-release-IJ2020.1-6), Android (10.4.0.202.6948.69), Markdown (202.6948.69), Grazie (202.6948.69) 
2020-11-12 00:15:10,395 [   2860]   INFO - llij.ide.plugins.PluginManager - Loaded custom plugins: Plugin display name here (1.0-SNAPSHOT) 
2020-11-12 00:15:11,089 [   3554]   INFO - m.intellij.util.io.StorageLock - lower=100; upper=492; buffer=10; max=492 
2020-11-12 00:15:11,119 [   3584]   INFO - tellij.util.io.FileChannelUtil - un-interruptible FileChannel-s will be used for indexes 
2020-11-12 00:15:11,301 [   3766]   INFO - om.intellij.ui.scale.JBUIScale - System scale factor: 1.0 (IDE-managed HiDPI) 
2020-11-12 00:15:11,443 [   3908]   WARN - j.internal.DebugAttachDetector - Unable to start DebugAttachDetector, please add `--add-exports java.base/jdk.internal.vm=ALL-UNNAMED` to VM options 
2020-11-12 00:15:11,644 [   4109]   INFO - pl.local.NativeFileWatcherImpl - Native file watcher is disabled 
2020-11-12 00:15:11,675 [   4140]   INFO - rains.ide.BuiltInServerManager - built-in server started, port 63343 
2020-11-12 00:15:11,892 [   4357]   INFO - til.net.ssl.CertificateManager - Default SSL context initialized 
2020-11-12 00:15:15,013 [   7478]   INFO -                         STDOUT - Starting searchable options index builder 
2020-11-12 00:15:15,419 [   7884]   INFO - penapi.application.Experiments - Experimental features enabled for user: wsl.p9.support, wsl.p9.show.roots.in.file.chooser, inline.browse.button, linux.native.menu, recent.and.edited.files.together, show.create.new.element.in.popup, copy.reference.popup, new.large.text.file.viewer, property.value.inplace.editing, terminal.shell.command.handling 
2020-11-12 00:15:15,482 [   7947]   WARN - ConfigurableExtensionPointUtil - ignore deprecated groupId: language for id: preferences.language.Kotlin.scripting 
2020-11-12 00:15:17,732 [  10197]   INFO - CompilerWorkspaceConfiguration - Available processors: 4 
2020-11-12 00:15:17,800 [  10265]   INFO - leBasedIndexDataInitialization - Initialization done: 6287 
2020-11-12 00:15:18,486 [  10951]   INFO - exImpl$StubIndexInitialization - Initialization done: 685 
2020-11-12 00:15:21,374 [  13839]   INFO - com.intellij.ide.ui.UISettings - Loaded: fontSize=13, fontScale=1.0; restored: fontSize=13, fontScale=1.0 
2020-11-12 00:15:35,296 [  27761]   INFO - leScriptDefinitionsContributor - [kts] error loading gradle script templates: Project 'Default (Template) Project' isn't linked with Gradle 
2020-11-12 00:15:35,316 [  27781]   INFO - leScriptDefinitionsContributor - [kts] error loading gradle script templates: Project 'Default (Template) Project' isn't linked with Gradle 
2020-11-12 00:15:35,316 [  27781]   INFO - leScriptDefinitionsContributor - [kts] error loading gradle script templates: Project 'Default (Template) Project' isn't linked with Gradle 
2020-11-12 00:15:39,828 [  32293]   INFO -                         STDOUT - Searchable options index builder completed 
2020-11-12 00:15:39,936 [  32401]   INFO - .impl.FileTypeDetectionService - 0 auto-detected files. Detection took 0 ms 
2020-11-12 00:15:39,937 [  32402]   INFO - org.jetbrains.io.BuiltInServer - web server stopped 
2020-11-12 00:15:39,979 [  32444]   INFO - il.indexing.FileBasedIndexImpl - START INDEX SHUTDOWN 
2020-11-12 00:15:40,044 [  32509]   INFO - tellij.psi.stubs.StubIndexImpl - StubIndexExtension-s were unloaded 
2020-11-12 00:15:40,045 [  32510]   INFO - il.indexing.FileBasedIndexImpl - END INDEX SHUTDOWN 
2020-11-12 00:15:40,045 [  32510]   INFO - newvfs.persistent.PersistentFS - VFS dispose started 
2020-11-12 00:15:40,059 [  32524]   INFO - newvfs.persistent.PersistentFS - VFS dispose completed 
2020-11-12 00:15:40,060 [  32525]   INFO - stubs.SerializationManagerImpl - Start shutting down C:\Personal\Solnet\Automation\TaskManager\build\idea-sandbox\system\index\rep.names 
2020-11-12 00:15:40,060 [  32525]   INFO - stubs.SerializationManagerImpl - Finished shutting down C:\Personal\Solnet\Automation\TaskManager\build\idea-sandbox\system\index\rep.names 
2020-11-12 00:15:40,060 [  32525]   INFO - plication.impl.ApplicationImpl - Write action Statistics:
Event number:     0
Total time spent: 0ms
Average duration: 0ms
Median  duration: 0ms
Max     duration: 0ms (it was 'null') 
2020-11-12 00:15:40,060 [  32525]   INFO - plication.impl.ApplicationImpl - AnAction.update() Statistics:
Event number:     0
Total time spent: 0ms
Average duration: 0ms
Median  duration: 0ms
Max     duration: 0ms (it was 'null') 
2020-11-12 00:15:40,060 [  32525]   INFO - plication.impl.ApplicationImpl - Global instance threads created counter = 8; ProcessIOExecutorService threads: 0 
2020-11-12 00:15:40,065 [  32530]   INFO -        #com.intellij.idea.Main - ------------------------------------------------------ IDE SHUTDOWN ------------------------------------------------------ 
2020-11-12 00:15:40,073 [  32538]   INFO - org.jetbrains.io.BuiltInServer - web server stopped 
